[debug] [2026-03-11T18:17:12.230Z] ----------------------------------------------------------------------
[debug] [2026-03-11T18:17:12.233Z] Command:       C:\Program Files\nodejs\node.exe C:\Users\kamal singh bisht\AppData\Roaming\npm\node_modules\firebase-tools\lib\bin\firebase.js deploy
[debug] [2026-03-11T18:17:12.233Z] CLI Version:   15.9.1
[debug] [2026-03-11T18:17:12.233Z] Platform:      win32
[debug] [2026-03-11T18:17:12.233Z] Node Version:  v24.12.0
[debug] [2026-03-11T18:17:12.233Z] Time:          Wed Mar 11 2026 23:47:12 GMT+0530 (India Standard Time)
[debug] [2026-03-11T18:17:12.233Z] ----------------------------------------------------------------------
[debug] 
[debug] [2026-03-11T18:17:13.759Z] > command requires scopes: ["email","openid","https://www.googleapis.com/auth/cloudplatformprojects.readonly","https://www.googleapis.com/auth/firebase","https://www.googleapis.com/auth/cloud-platform"]
[debug] [2026-03-11T18:17:13.759Z] > authorizing via signed-in user (kamalsinghb57@gmail.com)
[debug] [2026-03-11T18:17:13.759Z] [iam] checking project kamal-44786 for permissions ["firebase.projects.get","firebasehosting.sites.update"]
[debug] [2026-03-11T18:17:13.760Z] Checked if tokens are valid: true, expires at: 1773254738535
[debug] [2026-03-11T18:17:13.761Z] Checked if tokens are valid: true, expires at: 1773254738535
[debug] [2026-03-11T18:17:13.761Z] >>> [apiv2][query] POST https://cloudresourcemanager.googleapis.com/v1/projects/kamal-44786:testIamPermissions [none]
[debug] [2026-03-11T18:17:13.762Z] >>> [apiv2][(partial)header] POST https://cloudresourcemanager.googleapis.com/v1/projects/kamal-44786:testIamPermissions  x-goog-user-project=kamal-44786
[debug] [2026-03-11T18:17:13.762Z] >>> [apiv2][body] POST https://cloudresourcemanager.googleapis.com/v1/projects/kamal-44786:testIamPermissions {"permissions":["firebase.projects.get","firebasehosting.sites.update"]}
[debug] [2026-03-11T18:17:15.505Z] <<< [apiv2][status] POST https://cloudresourcemanager.googleapis.com/v1/projects/kamal-44786:testIamPermissions 200
[debug] [2026-03-11T18:17:15.505Z] <<< [apiv2][body] POST https://cloudresourcemanager.googleapis.com/v1/projects/kamal-44786:testIamPermissions {"permissions":["firebase.projects.get","firebasehosting.sites.update"]}
[debug] [2026-03-11T18:17:15.505Z] Checked if tokens are valid: true, expires at: 1773254738535
[debug] [2026-03-11T18:17:15.505Z] Checked if tokens are valid: true, expires at: 1773254738535
[debug] [2026-03-11T18:17:15.506Z] >>> [apiv2][query] GET https://firebase.googleapis.com/v1beta1/projects/kamal-44786 [none]
[debug] [2026-03-11T18:17:16.139Z] <<< [apiv2][status] GET https://firebase.googleapis.com/v1beta1/projects/kamal-44786 200
[debug] [2026-03-11T18:17:16.139Z] <<< [apiv2][body] GET https://firebase.googleapis.com/v1beta1/projects/kamal-44786 {"projectId":"kamal-44786","projectNumber":"601663175328","displayName":"kamal","name":"projects/kamal-44786","resources":{"hostingSite":"kamal-44786"},"state":"ACTIVE","etag":"1_14b499fc-1024-46f7-9a26-cab19a99259a"}
[debug] [2026-03-11T18:17:18.190Z] Checked if tokens are valid: true, expires at: 1773254738535
[debug] [2026-03-11T18:17:18.190Z] Checked if tokens are valid: true, expires at: 1773254738535
[debug] [2026-03-11T18:17:18.190Z] >>> [apiv2][query] GET https://firebasehosting.googleapis.com/v1beta1/projects/kamal-44786/sites pageToken=&pageSize=10
[debug] [2026-03-11T18:17:19.899Z] <<< [apiv2][status] GET https://firebasehosting.googleapis.com/v1beta1/projects/kamal-44786/sites 200
[debug] [2026-03-11T18:17:19.899Z] <<< [apiv2][body] GET https://firebasehosting.googleapis.com/v1beta1/projects/kamal-44786/sites {"sites":[{"name":"projects/kamal-44786/sites/kamal-44786","defaultUrl":"https://kamal-44786.web.app","appId":"1:601663175328:web:3224ef48f49a420977a7c5","type":"DEFAULT_SITE"}]}
[debug] [2026-03-11T18:17:19.900Z] Checked if tokens are valid: true, expires at: 1773254738535
[debug] [2026-03-11T18:17:19.900Z] Checked if tokens are valid: true, expires at: 1773254738535
[debug] [2026-03-11T18:17:19.900Z] >>> [apiv2][query] GET https://firebase.googleapis.com/v1beta1/projects/-/webApps/1:601663175328:web:3224ef48f49a420977a7c5/config [none]
[debug] [2026-03-11T18:17:21.203Z] <<< [apiv2][status] GET https://firebase.googleapis.com/v1beta1/projects/-/webApps/1:601663175328:web:3224ef48f49a420977a7c5/config 200
[debug] [2026-03-11T18:17:21.203Z] <<< [apiv2][body] GET https://firebase.googleapis.com/v1beta1/projects/-/webApps/1:601663175328:web:3224ef48f49a420977a7c5/config {"projectId":"kamal-44786","appId":"1:601663175328:web:3224ef48f49a420977a7c5","storageBucket":"kamal-44786.firebasestorage.app","apiKey":"AIzaSyAQ0bXZYzslHgDa_fKNaEh-xfYZzJz04Yc","authDomain":"kamal-44786.firebaseapp.com","messagingSenderId":"601663175328","measurementId":"G-X5JVM8WFP7","projectNumber":"601663175328","version":"2"}
[info] 
   Thank you for trying our early preview of Next.js support on Firebase Hosting.
   During the preview, support is best-effort and breaking changes can be expected. Proceed with caution.
   The integration is known to work with Next.js version 12 - 15.0. You may encounter errors.

   Documentation: https://firebase.google.com/docs/hosting/frameworks/nextjs
   File a bug: https://github.com/firebase/firebase-tools/issues/new?template=bug_report.md
   Submit a feature request: https://github.com/firebase/firebase-tools/issues/new?template=feature_request.md

   We'd love to learn from you. Express your interest in helping us shape the future of Firebase Hosting: https://goo.gle/41enW5X

[debug] [2026-03-11T18:17:26.172Z] Checked if tokens are valid: true, expires at: 1773254738535
[debug] [2026-03-11T18:17:26.173Z] Checked if tokens are valid: true, expires at: 1773254738535
[debug] [2026-03-11T18:17:26.173Z] >>> [apiv2][query] GET https://firebasehosting.googleapis.com/v1beta1/projects/kamal-44786/sites/kamal-44786 [none]
[debug] [2026-03-11T18:17:27.500Z] <<< [apiv2][status] GET https://firebasehosting.googleapis.com/v1beta1/projects/kamal-44786/sites/kamal-44786 200
[debug] [2026-03-11T18:17:27.500Z] <<< [apiv2][body] GET https://firebasehosting.googleapis.com/v1beta1/projects/kamal-44786/sites/kamal-44786 {"name":"projects/kamal-44786/sites/kamal-44786","defaultUrl":"https://kamal-44786.web.app","appId":"1:601663175328:web:3224ef48f49a420977a7c5","type":"DEFAULT_SITE"}
[info] ▲ Next.js 16.1.6 (Turbopack)

[info] 

[info]   Creating an optimized production build ...

[info] ✓ Compiled successfully in 4.2s

[info]   Running TypeScript ...

[info]   Collecting page data using 11 workers ...

[info]   Generating static pages using 11 workers (0/5) ...

[info] [2026-03-11T18:17:36.956Z]  @firebase/analytics: Analytics: Firebase Analytics is not supported in this environment. Wrap initialization of analytics in analytics.isSupported() to prevent initialization in unsupported environments. Details: (1) Cookies are not available. (analytics/invalid-analytics-context).

[info] Error occurred prerendering page "/login". Read more: https://nextjs.org/docs/messages/prerender-error

[info] ReferenceError: window is not defined
    at cY (C:\Users\kamal singh bisht\Desktop\googleauth\my-app\.next\server\chunks\ssr\[root-of-the-server]__89a23ef0._.js:3:336234)
    at ds (C:\Users\kamal singh bisht\Desktop\googleauth\my-app\.next\server\chunks\ssr\[root-of-the-server]__89a23ef0._.js:3:342320)
    at ao.instanceFactory (C:\Users\kamal singh bisht\Desktop\googleauth\my-app\.next\server\chunks\ssr\[root-of-the-server]__89a23ef0._.js:3:343408)
    at aq.getOrInitializeService (C:\Users\kamal singh bisht\Desktop\googleauth\my-app\.next\server\chunks\ssr\[root-of-the-server]__89a23ef0._.js:3:307228)
    at aq.initialize (C:\Users\kamal singh bisht\Desktop\googleauth\my-app\.next\server\chunks\ssr\[root-of-the-server]__89a23ef0._.js:3:306636)
    at du (C:\Users\kamal singh bisht\Desktop\googleauth\my-app\.next\server\chunks\ssr\[root-of-the-server]__89a23ef0._.js:3:342683)
    at dt (C:\Users\kamal singh bisht\Desktop\googleauth\my-app\.next\server\chunks\ssr\[root-of-the-server]__89a23ef0._.js:3:342517)
    at module evaluation (C:\Users\kamal singh bisht\Desktop\googleauth\my-app\.next\server\chunks\ssr\[root-of-the-server]__89a23ef0._.js:14:66184)
    at instantiateModule (C:\Users\kamal singh bisht\Desktop\googleauth\my-app\.next\server\chunks\ssr\[turbopack]_runtime.js:740:9)
    at getOrInstantiateModuleFromParent (C:\Users\kamal singh bisht\Desktop\googleauth\my-app\.next\server\chunks\ssr\[turbopack]_runtime.js:763:12) {
  digest: '1508034765'
}

[info] Export encountered an error on /login/page: /login, exiting the build.

[info] ⨯ Next.js build worker exited with code: 1 and signal: null

[debug] [2026-03-11T18:17:38.509Z] Error: ENOENT: no such file or directory, open 'C:\Users\kamal singh bisht\Desktop\googleauth\my-app\.next\export-marker.json'
[error] 
[error] Error: An unexpected error has occurred.
[debug] [2026-03-11T18:18:47.219Z] ----------------------------------------------------------------------
[debug] [2026-03-11T18:18:47.221Z] Command:       C:\Program Files\nodejs\node.exe C:\Users\kamal singh bisht\AppData\Roaming\npm\node_modules\firebase-tools\lib\bin\firebase.js deploy
[debug] [2026-03-11T18:18:47.222Z] CLI Version:   15.9.1
[debug] [2026-03-11T18:18:47.222Z] Platform:      win32
[debug] [2026-03-11T18:18:47.222Z] Node Version:  v24.12.0
[debug] [2026-03-11T18:18:47.222Z] Time:          Wed Mar 11 2026 23:48:47 GMT+0530 (India Standard Time)
[debug] [2026-03-11T18:18:47.222Z] ----------------------------------------------------------------------
[debug] 
[debug] [2026-03-11T18:18:48.944Z] > command requires scopes: ["email","openid","https://www.googleapis.com/auth/cloudplatformprojects.readonly","https://www.googleapis.com/auth/firebase","https://www.googleapis.com/auth/cloud-platform"]
[debug] [2026-03-11T18:18:48.945Z] > authorizing via signed-in user (kamalsinghb57@gmail.com)
[debug] [2026-03-11T18:18:48.945Z] [iam] checking project kamal-44786 for permissions ["firebase.projects.get","firebasehosting.sites.update"]
[debug] [2026-03-11T18:18:48.946Z] Checked if tokens are valid: true, expires at: 1773254738535
[debug] [2026-03-11T18:18:48.946Z] Checked if tokens are valid: true, expires at: 1773254738535
[debug] [2026-03-11T18:18:48.947Z] >>> [apiv2][query] POST https://cloudresourcemanager.googleapis.com/v1/projects/kamal-44786:testIamPermissions [none]
[debug] [2026-03-11T18:18:48.947Z] >>> [apiv2][(partial)header] POST https://cloudresourcemanager.googleapis.com/v1/projects/kamal-44786:testIamPermissions  x-goog-user-project=kamal-44786
[debug] [2026-03-11T18:18:48.947Z] >>> [apiv2][body] POST https://cloudresourcemanager.googleapis.com/v1/projects/kamal-44786:testIamPermissions {"permissions":["firebase.projects.get","firebasehosting.sites.update"]}
[debug] [2026-03-11T18:18:50.712Z] <<< [apiv2][status] POST https://cloudresourcemanager.googleapis.com/v1/projects/kamal-44786:testIamPermissions 200
[debug] [2026-03-11T18:18:50.712Z] <<< [apiv2][body] POST https://cloudresourcemanager.googleapis.com/v1/projects/kamal-44786:testIamPermissions {"permissions":["firebase.projects.get","firebasehosting.sites.update"]}
[debug] [2026-03-11T18:18:50.713Z] Checked if tokens are valid: true, expires at: 1773254738535
[debug] [2026-03-11T18:18:50.713Z] Checked if tokens are valid: true, expires at: 1773254738535
[debug] [2026-03-11T18:18:50.713Z] >>> [apiv2][query] GET https://firebase.googleapis.com/v1beta1/projects/kamal-44786 [none]
[debug] [2026-03-11T18:18:51.342Z] <<< [apiv2][status] GET https://firebase.googleapis.com/v1beta1/projects/kamal-44786 200
[debug] [2026-03-11T18:18:51.342Z] <<< [apiv2][body] GET https://firebase.googleapis.com/v1beta1/projects/kamal-44786 {"projectId":"kamal-44786","projectNumber":"601663175328","displayName":"kamal","name":"projects/kamal-44786","resources":{"hostingSite":"kamal-44786"},"state":"ACTIVE","etag":"1_14b499fc-1024-46f7-9a26-cab19a99259a"}
[debug] [2026-03-11T18:18:53.361Z] Checked if tokens are valid: true, expires at: 1773254738535
[debug] [2026-03-11T18:18:53.361Z] Checked if tokens are valid: true, expires at: 1773254738535
[debug] [2026-03-11T18:18:53.361Z] >>> [apiv2][query] GET https://firebasehosting.googleapis.com/v1beta1/projects/kamal-44786/sites pageToken=&pageSize=10
[debug] [2026-03-11T18:18:54.866Z] <<< [apiv2][status] GET https://firebasehosting.googleapis.com/v1beta1/projects/kamal-44786/sites 200
[debug] [2026-03-11T18:18:54.866Z] <<< [apiv2][body] GET https://firebasehosting.googleapis.com/v1beta1/projects/kamal-44786/sites {"sites":[{"name":"projects/kamal-44786/sites/kamal-44786","defaultUrl":"https://kamal-44786.web.app","appId":"1:601663175328:web:3224ef48f49a420977a7c5","type":"DEFAULT_SITE"}]}
[debug] [2026-03-11T18:18:54.867Z] Checked if tokens are valid: true, expires at: 1773254738535
[debug] [2026-03-11T18:18:54.867Z] Checked if tokens are valid: true, expires at: 1773254738535
[debug] [2026-03-11T18:18:54.867Z] >>> [apiv2][query] GET https://firebase.googleapis.com/v1beta1/projects/-/webApps/1:601663175328:web:3224ef48f49a420977a7c5/config [none]
[debug] [2026-03-11T18:18:55.856Z] <<< [apiv2][status] GET https://firebase.googleapis.com/v1beta1/projects/-/webApps/1:601663175328:web:3224ef48f49a420977a7c5/config 200
[debug] [2026-03-11T18:18:55.856Z] <<< [apiv2][body] GET https://firebase.googleapis.com/v1beta1/projects/-/webApps/1:601663175328:web:3224ef48f49a420977a7c5/config {"projectId":"kamal-44786","appId":"1:601663175328:web:3224ef48f49a420977a7c5","storageBucket":"kamal-44786.firebasestorage.app","apiKey":"AIzaSyAQ0bXZYzslHgDa_fKNaEh-xfYZzJz04Yc","authDomain":"kamal-44786.firebaseapp.com","messagingSenderId":"601663175328","measurementId":"G-X5JVM8WFP7","projectNumber":"601663175328","version":"2"}
[info] 
   Thank you for trying our early preview of Next.js support on Firebase Hosting.
   During the preview, support is best-effort and breaking changes can be expected. Proceed with caution.
   The integration is known to work with Next.js version 12 - 15.0. You may encounter errors.

   Documentation: https://firebase.google.com/docs/hosting/frameworks/nextjs
   File a bug: https://github.com/firebase/firebase-tools/issues/new?template=bug_report.md
   Submit a feature request: https://github.com/firebase/firebase-tools/issues/new?template=feature_request.md

   We'd love to learn from you. Express your interest in helping us shape the future of Firebase Hosting: https://goo.gle/41enW5X

[debug] [2026-03-11T18:19:00.776Z] Checked if tokens are valid: true, expires at: 1773254738535
[debug] [2026-03-11T18:19:00.776Z] Checked if tokens are valid: true, expires at: 1773254738535
[debug] [2026-03-11T18:19:00.776Z] >>> [apiv2][query] GET https://firebasehosting.googleapis.com/v1beta1/projects/kamal-44786/sites/kamal-44786 [none]
[debug] [2026-03-11T18:19:02.119Z] <<< [apiv2][status] GET https://firebasehosting.googleapis.com/v1beta1/projects/kamal-44786/sites/kamal-44786 200
[debug] [2026-03-11T18:19:02.119Z] <<< [apiv2][body] GET https://firebasehosting.googleapis.com/v1beta1/projects/kamal-44786/sites/kamal-44786 {"name":"projects/kamal-44786/sites/kamal-44786","defaultUrl":"https://kamal-44786.web.app","appId":"1:601663175328:web:3224ef48f49a420977a7c5","type":"DEFAULT_SITE"}
[info] ▲ Next.js 16.1.6 (Turbopack)

[info] 

[info]   Creating an optimized production build ...

[info] ✓ Compiled successfully in 4.0s

[info]   Running TypeScript ...

[info]   Collecting page data using 11 workers ...

[info]   Generating static pages using 11 workers (0/5) ...

[info] [2026-03-11T18:19:11.303Z]  @firebase/analytics: Analytics: Firebase Analytics is not supported in this environment. Wrap initialization of analytics in analytics.isSupported() to prevent initialization in unsupported environments. Details: (1) Cookies are not available. (analytics/invalid-analytics-context).

[info] Error occurred prerendering page "/login". Read more: https://nextjs.org/docs/messages/prerender-error

[info] ReferenceError: window is not defined
    at cY (C:\Users\kamal singh bisht\Desktop\googleauth\my-app\.next\server\chunks\ssr\[root-of-the-server]__89a23ef0._.js:3:336234)
    at ds (C:\Users\kamal singh bisht\Desktop\googleauth\my-app\.next\server\chunks\ssr\[root-of-the-server]__89a23ef0._.js:3:342320)
    at ao.instanceFactory (C:\Users\kamal singh bisht\Desktop\googleauth\my-app\.next\server\chunks\ssr\[root-of-the-server]__89a23ef0._.js:3:343408)
    at aq.getOrInitializeService (C:\Users\kamal singh bisht\Desktop\googleauth\my-app\.next\server\chunks\ssr\[root-of-the-server]__89a23ef0._.js:3:307228)
    at aq.initialize (C:\Users\kamal singh bisht\Desktop\googleauth\my-app\.next\server\chunks\ssr\[root-of-the-server]__89a23ef0._.js:3:306636)
    at du (C:\Users\kamal singh bisht\Desktop\googleauth\my-app\.next\server\chunks\ssr\[root-of-the-server]__89a23ef0._.js:3:342683)
    at dt (C:\Users\kamal singh bisht\Desktop\googleauth\my-app\.next\server\chunks\ssr\[root-of-the-server]__89a23ef0._.js:3:342517)
    at module evaluation (C:\Users\kamal singh bisht\Desktop\googleauth\my-app\.next\server\chunks\ssr\[root-of-the-server]__89a23ef0._.js:14:66184)
    at instantiateModule (C:\Users\kamal singh bisht\Desktop\googleauth\my-app\.next\server\chunks\ssr\[turbopack]_runtime.js:740:9)
    at getOrInstantiateModuleFromParent (C:\Users\kamal singh bisht\Desktop\googleauth\my-app\.next\server\chunks\ssr\[turbopack]_runtime.js:763:12) {
  digest: '1508034765'
}

[info] Export encountered an error on /login/page: /login, exiting the build.

[info] ⨯ Next.js build worker exited with code: 1 and signal: null

[debug] [2026-03-11T18:19:12.860Z] Error: ENOENT: no such file or directory, open 'C:\Users\kamal singh bisht\Desktop\googleauth\my-app\.next\export-marker.json'
[error] 
[error] Error: An unexpected error has occurred.
